0 info it worked if it ends with ok
1 verbose cli [ 'C:\\Program Files\\nodejs\\node.exe',
1 verbose cli   'C:\\Program Files\\nodejs\\node_modules\\npm\\bin\\npm-cli.js',
1 verbose cli   'install',
1 verbose cli   'jwt' ]
2 info using npm@3.10.10
3 info using node@v6.10.0
4 silly loadCurrentTree Starting
5 silly install loadCurrentTree
6 silly install readLocalPackageData
7 silly fetchPackageMetaData jwt
8 silly fetchNamedPackageData jwt
9 silly mapToRegistry name jwt
10 silly mapToRegistry using default registry
11 silly mapToRegistry registry https://registry.npmjs.org/
12 silly mapToRegistry data Result {
12 silly mapToRegistry   raw: 'jwt',
12 silly mapToRegistry   scope: null,
12 silly mapToRegistry   escapedName: 'jwt',
12 silly mapToRegistry   name: 'jwt',
12 silly mapToRegistry   rawSpec: '',
12 silly mapToRegistry   spec: 'latest',
12 silly mapToRegistry   type: 'tag' }
13 silly mapToRegistry uri https://registry.npmjs.org/jwt
14 verbose request uri https://registry.npmjs.org/jwt
15 verbose request no auth needed
16 info attempt registry request try #1 at 3:24:39 PM
17 verbose request id 0be166d2d9801c37
18 verbose etag W/"59340ade-1463"
19 verbose lastModified Sun, 04 Jun 2017 13:27:58 GMT
20 http request GET https://registry.npmjs.org/jwt
21 http 304 https://registry.npmjs.org/jwt
22 verbose headers { date: 'Fri, 23 Jun 2017 19:24:37 GMT',
22 verbose headers   via: '1.1 varnish',
22 verbose headers   'cache-control': 'max-age=300',
22 verbose headers   etag: 'W/"59340ade-1463"',
22 verbose headers   age: '62',
22 verbose headers   connection: 'keep-alive',
22 verbose headers   'x-served-by': 'cache-yul8921-YUL',
22 verbose headers   'x-cache': 'HIT',
22 verbose headers   'x-cache-hits': '1',
22 verbose headers   'x-timer': 'S1498245877.301942,VS0,VE0',
22 verbose headers   vary: 'Accept-Encoding' }
23 silly get cb [ 304,
23 silly get   { date: 'Fri, 23 Jun 2017 19:24:37 GMT',
23 silly get     via: '1.1 varnish',
23 silly get     'cache-control': 'max-age=300',
23 silly get     etag: 'W/"59340ade-1463"',
23 silly get     age: '62',
23 silly get     connection: 'keep-alive',
23 silly get     'x-served-by': 'cache-yul8921-YUL',
23 silly get     'x-cache': 'HIT',
23 silly get     'x-cache-hits': '1',
23 silly get     'x-timer': 'S1498245877.301942,VS0,VE0',
23 silly get     vary: 'Accept-Encoding' } ]
24 verbose etag https://registry.npmjs.org/jwt from cache
25 verbose get saving jwt to C:\Users\gabar\AppData\Roaming\npm-cache\registry.npmjs.org\jwt\.cache.json
26 verbose correctMkdir C:\Users\gabar\AppData\Roaming\npm-cache correctMkdir not in flight; initializing
27 silly install normalizeTree
28 silly loadCurrentTree Finishing
29 silly loadIdealTree Starting
30 silly install loadIdealTree
31 silly cloneCurrentTree Starting
32 silly install cloneCurrentTreeToIdealTree
33 silly cloneCurrentTree Finishing
34 silly loadShrinkwrap Starting
35 silly install loadShrinkwrap
36 silly loadShrinkwrap Finishing
37 silly loadAllDepsIntoIdealTree Starting
38 silly install loadAllDepsIntoIdealTree
39 silly resolveWithNewModule jwt@0.2.0 checking installable status
40 silly cache add args [ 'jwt', null ]
41 verbose cache add spec jwt
42 silly cache add parsed spec Result {
42 silly cache add   raw: 'jwt',
42 silly cache add   scope: null,
42 silly cache add   escapedName: 'jwt',
42 silly cache add   name: 'jwt',
42 silly cache add   rawSpec: '',
42 silly cache add   spec: 'latest',
42 silly cache add   type: 'tag' }
43 silly addNamed jwt@latest
44 verbose addNamed "latest" is being treated as a dist-tag for jwt
45 info addNameTag [ 'jwt', 'latest' ]
46 silly mapToRegistry name jwt
47 silly mapToRegistry using default registry
48 silly mapToRegistry registry https://registry.npmjs.org/
49 silly mapToRegistry data Result {
49 silly mapToRegistry   raw: 'jwt',
49 silly mapToRegistry   scope: null,
49 silly mapToRegistry   escapedName: 'jwt',
49 silly mapToRegistry   name: 'jwt',
49 silly mapToRegistry   rawSpec: '',
49 silly mapToRegistry   spec: 'latest',
49 silly mapToRegistry   type: 'tag' }
50 silly mapToRegistry uri https://registry.npmjs.org/jwt
51 verbose addNameTag registry:https://registry.npmjs.org/jwt not in flight; fetching
52 verbose get https://registry.npmjs.org/jwt not expired, no request
53 silly addNameTag next cb for jwt with tag latest
54 silly addNamed jwt@0.2.0
55 verbose addNamed "0.2.0" is a plain semver version for jwt
56 silly cache afterAdd jwt@0.2.0
57 verbose afterAdd C:\Users\gabar\AppData\Roaming\npm-cache\jwt\0.2.0\package\package.json not in flight; writing
58 verbose correctMkdir C:\Users\gabar\AppData\Roaming\npm-cache correctMkdir not in flight; initializing
59 verbose afterAdd C:\Users\gabar\AppData\Roaming\npm-cache\jwt\0.2.0\package\package.json written
60 silly fetchNamedPackageData node-base64
61 silly mapToRegistry name node-base64
62 silly mapToRegistry using default registry
63 silly mapToRegistry registry https://registry.npmjs.org/
64 silly mapToRegistry data Result {
64 silly mapToRegistry   raw: 'node-base64',
64 silly mapToRegistry   scope: null,
64 silly mapToRegistry   escapedName: 'node-base64',
64 silly mapToRegistry   name: 'node-base64',
64 silly mapToRegistry   rawSpec: '',
64 silly mapToRegistry   spec: 'latest',
64 silly mapToRegistry   type: 'tag' }
65 silly mapToRegistry uri https://registry.npmjs.org/node-base64
66 verbose request uri https://registry.npmjs.org/node-base64
67 verbose request no auth needed
68 info attempt registry request try #1 at 3:24:40 PM
69 verbose etag W/"4da8b857-40a"
70 verbose lastModified Fri, 15 Apr 2011 21:27:51 GMT
71 http request GET https://registry.npmjs.org/node-base64
72 http 304 https://registry.npmjs.org/node-base64
73 verbose headers { date: 'Fri, 23 Jun 2017 19:24:37 GMT',
73 verbose headers   via: '1.1 varnish',
73 verbose headers   'cache-control': 'max-age=300',
73 verbose headers   etag: 'W/"4da8b857-40a"',
73 verbose headers   age: '62',
73 verbose headers   connection: 'keep-alive',
73 verbose headers   'x-served-by': 'cache-yul8921-YUL',
73 verbose headers   'x-cache': 'HIT',
73 verbose headers   'x-cache-hits': '1',
73 verbose headers   'x-timer': 'S1498245878.702366,VS0,VE0',
73 verbose headers   vary: 'Accept-Encoding' }
74 silly get cb [ 304,
74 silly get   { date: 'Fri, 23 Jun 2017 19:24:37 GMT',
74 silly get     via: '1.1 varnish',
74 silly get     'cache-control': 'max-age=300',
74 silly get     etag: 'W/"4da8b857-40a"',
74 silly get     age: '62',
74 silly get     connection: 'keep-alive',
74 silly get     'x-served-by': 'cache-yul8921-YUL',
74 silly get     'x-cache': 'HIT',
74 silly get     'x-cache-hits': '1',
74 silly get     'x-timer': 'S1498245878.702366,VS0,VE0',
74 silly get     vary: 'Accept-Encoding' } ]
75 verbose etag https://registry.npmjs.org/node-base64 from cache
76 verbose get saving node-base64 to C:\Users\gabar\AppData\Roaming\npm-cache\registry.npmjs.org\node-base64\.cache.json
77 verbose correctMkdir C:\Users\gabar\AppData\Roaming\npm-cache correctMkdir not in flight; initializing
78 silly resolveWithNewModule node-base64@0.0.1 checking installable status
79 silly cache add args [ 'node-base64@0.0.1', null ]
80 verbose cache add spec node-base64@0.0.1
81 silly cache add parsed spec Result {
81 silly cache add   raw: 'node-base64@0.0.1',
81 silly cache add   scope: null,
81 silly cache add   escapedName: 'node-base64',
81 silly cache add   name: 'node-base64',
81 silly cache add   rawSpec: '0.0.1',
81 silly cache add   spec: '0.0.1',
81 silly cache add   type: 'version' }
82 silly addNamed node-base64@0.0.1
83 verbose addNamed "0.0.1" is a plain semver version for node-base64
84 silly mapToRegistry name node-base64
85 silly mapToRegistry using default registry
86 silly mapToRegistry registry https://registry.npmjs.org/
87 silly mapToRegistry data Result {
87 silly mapToRegistry   raw: 'node-base64',
87 silly mapToRegistry   scope: null,
87 silly mapToRegistry   escapedName: 'node-base64',
87 silly mapToRegistry   name: 'node-base64',
87 silly mapToRegistry   rawSpec: '',
87 silly mapToRegistry   spec: 'latest',
87 silly mapToRegistry   type: 'tag' }
88 silly mapToRegistry uri https://registry.npmjs.org/node-base64
89 verbose addNameVersion registry:https://registry.npmjs.org/node-base64 not in flight; fetching
90 verbose get https://registry.npmjs.org/node-base64 not expired, no request
91 silly cache afterAdd node-base64@0.0.1
92 verbose afterAdd C:\Users\gabar\AppData\Roaming\npm-cache\node-base64\0.0.1\package\package.json not in flight; writing
93 verbose correctMkdir C:\Users\gabar\AppData\Roaming\npm-cache correctMkdir not in flight; initializing
94 verbose afterAdd C:\Users\gabar\AppData\Roaming\npm-cache\node-base64\0.0.1\package\package.json written
95 silly fetchNamedPackageData fsevents
96 silly mapToRegistry name fsevents
97 silly mapToRegistry using default registry
98 silly mapToRegistry registry https://registry.npmjs.org/
99 silly mapToRegistry data Result {
99 silly mapToRegistry   raw: 'fsevents',
99 silly mapToRegistry   scope: null,
99 silly mapToRegistry   escapedName: 'fsevents',
99 silly mapToRegistry   name: 'fsevents',
99 silly mapToRegistry   rawSpec: '',
99 silly mapToRegistry   spec: 'latest',
99 silly mapToRegistry   type: 'tag' }
100 silly mapToRegistry uri https://registry.npmjs.org/fsevents
101 verbose request uri https://registry.npmjs.org/fsevents
102 verbose request no auth needed
103 info attempt registry request try #1 at 3:24:40 PM
104 verbose etag W/"593f6cc8-dcc1"
105 verbose lastModified Tue, 13 Jun 2017 04:40:40 GMT
106 http request GET https://registry.npmjs.org/fsevents
107 http 304 https://registry.npmjs.org/fsevents
108 verbose headers { date: 'Fri, 23 Jun 2017 19:24:37 GMT',
108 verbose headers   via: '1.1 varnish',
108 verbose headers   'cache-control': 'max-age=300',
108 verbose headers   etag: 'W/"593f6cc8-dcc1"',
108 verbose headers   age: '210',
108 verbose headers   connection: 'keep-alive',
108 verbose headers   'x-served-by': 'cache-yul8921-YUL',
108 verbose headers   'x-cache': 'HIT',
108 verbose headers   'x-cache-hits': '5',
108 verbose headers   'x-timer': 'S1498245878.945733,VS0,VE0',
108 verbose headers   vary: 'Accept-Encoding' }
109 silly get cb [ 304,
109 silly get   { date: 'Fri, 23 Jun 2017 19:24:37 GMT',
109 silly get     via: '1.1 varnish',
109 silly get     'cache-control': 'max-age=300',
109 silly get     etag: 'W/"593f6cc8-dcc1"',
109 silly get     age: '210',
109 silly get     connection: 'keep-alive',
109 silly get     'x-served-by': 'cache-yul8921-YUL',
109 silly get     'x-cache': 'HIT',
109 silly get     'x-cache-hits': '5',
109 silly get     'x-timer': 'S1498245878.945733,VS0,VE0',
109 silly get     vary: 'Accept-Encoding' } ]
110 verbose etag https://registry.npmjs.org/fsevents from cache
111 verbose get saving fsevents to C:\Users\gabar\AppData\Roaming\npm-cache\registry.npmjs.org\fsevents\.cache.json
112 verbose correctMkdir C:\Users\gabar\AppData\Roaming\npm-cache correctMkdir not in flight; initializing
113 silly resolveWithNewModule fsevents@1.1.2 checking installable status
114 silly loadAllDepsIntoIdealTree Finishing
115 silly loadIdealTree Finishing
116 silly currentTree cheap-eat@1.0.0
116 silly currentTree +-- @uirouter/angularjs@1.0.4
116 silly currentTree +-- @uirouter/core@5.0.3
116 silly currentTree +-- abbrev@1.1.0
116 silly currentTree +-- accepts@1.3.3
116 silly currentTree +-- acorn-dynamic-import@2.0.2
116 silly currentTree | `-- acorn@4.0.13
116 silly currentTree +-- acorn@5.0.3
116 silly currentTree +-- after@0.8.2
116 silly currentTree +-- ajv-keywords@1.5.1
116 silly currentTree +-- ajv@4.11.8
116 silly currentTree +-- align-text@0.1.4
116 silly currentTree +-- amdefine@1.0.1
116 silly currentTree +-- angular-route@1.6.4
116 silly currentTree +-- angular@1.6.4
116 silly currentTree +-- ansi-regex@2.1.1
116 silly currentTree +-- ansi-styles@2.2.1
116 silly currentTree +-- anymatch@1.3.0
116 silly currentTree +-- aproba@1.1.2
116 silly currentTree +-- are-we-there-yet@1.1.4
116 silly currentTree +-- arr-diff@2.0.0
116 silly currentTree +-- arr-flatten@1.0.3
116 silly currentTree +-- array-find-index@1.0.2
116 silly currentTree +-- array-flatten@1.1.1
116 silly currentTree +-- array-slice@0.2.3
116 silly currentTree +-- array-unique@0.2.1
116 silly currentTree +-- arraybuffer.slice@0.0.6
116 silly currentTree +-- arrify@1.0.1
116 silly currentTree +-- asn1.js@4.9.1
116 silly currentTree +-- asn1@0.2.3
116 silly currentTree +-- assert-plus@0.2.0
116 silly currentTree +-- assert@1.4.1
116 silly currentTree +-- async-each@1.0.1
116 silly currentTree +-- async-foreach@0.1.3
116 silly currentTree +-- async@2.1.4
116 silly currentTree +-- asynckit@0.4.0
116 silly currentTree +-- aws-sign2@0.6.0
116 silly currentTree +-- aws4@1.6.0
116 silly currentTree +-- backo2@1.0.2
116 silly currentTree +-- balanced-match@1.0.0
116 silly currentTree +-- base64-arraybuffer@0.1.5
116 silly currentTree +-- base64-js@1.2.1
116 silly currentTree +-- base64id@1.0.0
116 silly currentTree +-- base64url@2.0.0
116 silly currentTree +-- basic-auth@1.1.0
116 silly currentTree +-- bcrypt-pbkdf@1.0.1
116 silly currentTree +-- bcrypt@1.0.2
116 silly currentTree +-- bcryptjs@2.4.3
116 silly currentTree +-- better-assert@1.0.2
116 silly currentTree +-- big.js@3.1.3
116 silly currentTree +-- binary-extensions@1.8.0
116 silly currentTree +-- bindings@1.2.1
116 silly currentTree +-- blob@0.0.4
116 silly currentTree +-- block-stream@0.0.9
116 silly currentTree +-- bluebird@2.10.2
116 silly currentTree +-- bn.js@4.11.7
116 silly currentTree +-- body-parser@1.17.2
116 silly currentTree | +-- debug@2.6.7
116 silly currentTree | `-- ms@2.0.0
116 silly currentTree +-- boom@2.10.1
116 silly currentTree +-- bootstrap@3.3.7
116 silly currentTree +-- brace-expansion@1.1.8
116 silly currentTree +-- braces@1.8.5
116 silly currentTree +-- brorand@1.1.0
116 silly currentTree +-- browserify-aes@1.0.6
116 silly currentTree +-- browserify-cipher@1.0.0
116 silly currentTree +-- browserify-des@1.0.0
116 silly currentTree +-- browserify-rsa@4.0.1
116 silly currentTree +-- browserify-sign@4.0.4
116 silly currentTree +-- browserify-zlib@0.1.4
116 silly currentTree +-- bson@1.0.4
116 silly currentTree +-- buffer-equal-constant-time@1.0.1
116 silly currentTree +-- buffer-shims@1.0.0
116 silly currentTree +-- buffer-xor@1.0.3
116 silly currentTree +-- buffer@4.9.1
116 silly currentTree +-- builtin-modules@1.1.1
116 silly currentTree +-- builtin-status-codes@3.0.0
116 silly currentTree +-- bytes@2.4.0
116 silly currentTree +-- callsite@1.0.0
116 silly currentTree +-- camelcase-keys@2.1.0
116 silly currentTree +-- camelcase@2.1.1
116 silly currentTree +-- caseless@0.12.0
116 silly currentTree +-- center-align@0.1.3
116 silly currentTree | `-- lazy-cache@1.0.4
116 silly currentTree +-- chalk@1.1.3
116 silly currentTree +-- chokidar@1.7.0
116 silly currentTree +-- cipher-base@1.0.3
116 silly currentTree +-- cliui@3.2.0
116 silly currentTree +-- clone-deep@0.3.0
116 silly currentTree +-- clone@1.0.2
116 silly currentTree +-- co@4.6.0
116 silly currentTree +-- code-point-at@1.1.0
116 silly currentTree +-- colors@1.1.2
116 silly currentTree +-- combine-lists@1.0.1
116 silly currentTree +-- combined-stream@1.0.5
116 silly currentTree +-- component-bind@1.0.0
116 silly currentTree +-- component-emitter@1.1.2
116 silly currentTree +-- component-inherit@0.0.3
116 silly currentTree +-- concat-map@0.0.1
116 silly currentTree +-- configstore@1.4.0
116 silly currentTree | `-- uuid@2.0.3
116 silly currentTree +-- connect@3.6.2
116 silly currentTree | +-- debug@2.6.7
116 silly currentTree | `-- ms@2.0.0
116 silly currentTree +-- console-browserify@1.1.0
116 silly currentTree +-- console-control-strings@1.1.0
116 silly currentTree +-- constants-browserify@1.0.0
116 silly currentTree +-- content-disposition@0.5.2
116 silly currentTree +-- content-type@1.0.2
116 silly currentTree +-- cookie-parser@1.4.3
116 silly currentTree +-- cookie-signature@1.0.6
116 silly currentTree +-- cookie@0.3.1
116 silly currentTree +-- core-js@2.4.1
116 silly currentTree +-- core-util-is@1.0.2
116 silly currentTree +-- crc@3.4.4
116 silly currentTree +-- create-ecdh@4.0.0
116 silly currentTree +-- create-hash@1.1.3
116 silly currentTree +-- create-hmac@1.1.6
116 silly currentTree +-- cross-spawn@3.0.1
116 silly currentTree +-- cryptiles@2.0.5
116 silly currentTree +-- crypto-browserify@3.11.0
116 silly currentTree +-- currently-unhandled@0.4.1
116 silly currentTree +-- custom-event@1.0.1
116 silly currentTree +-- dashdash@1.14.1
116 silly currentTree | `-- assert-plus@1.0.0
116 silly currentTree +-- date-now@0.1.4
116 silly currentTree +-- debug@2.2.0
116 silly currentTree +-- decamelize@1.2.0
116 silly currentTree +-- deep-extend@0.4.2
116 silly currentTree +-- defaults@1.0.3
116 silly currentTree +-- delayed-stream@1.0.0
116 silly currentTree +-- delegates@1.0.0
116 silly currentTree +-- depd@1.1.0
116 silly currentTree +-- des.js@1.0.0
116 silly currentTree +-- destroy@1.0.4
116 silly currentTree +-- di@0.0.1
116 silly currentTree +-- diffie-hellman@5.0.2
116 silly currentTree +-- dom-serialize@2.2.1
116 silly currentTree +-- domain-browser@1.1.7
116 silly currentTree +-- duplexer@0.1.1
116 silly currentTree +-- duplexify@3.5.0
116 silly currentTree +-- ecc-jsbn@0.1.1
116 silly currentTree +-- ecdsa-sig-formatter@1.0.9
116 silly currentTree +-- ee-first@1.1.1
116 silly currentTree +-- elliptic@6.4.0
116 silly currentTree +-- emojis-list@2.1.0
116 silly currentTree +-- encodeurl@1.0.1
116 silly currentTree +-- end-of-stream@1.0.0
116 silly currentTree | `-- once@1.3.3
116 silly currentTree +-- engine.io-client@1.8.3
116 silly currentTree | +-- component-emitter@1.2.1
116 silly currentTree | +-- debug@2.3.3
116 silly currentTree | `-- ms@0.7.2
116 silly currentTree +-- engine.io-parser@1.3.2
116 silly currentTree +-- engine.io@1.8.3
116 silly currentTree | +-- debug@2.3.3
116 silly currentTree | `-- ms@0.7.2
116 silly currentTree +-- enhanced-resolve@3.1.0
116 silly currentTree +-- ent@2.2.0
116 silly currentTree +-- errno@0.1.4
116 silly currentTree +-- error-ex@1.3.1
116 silly currentTree +-- es6-promise@3.2.1
116 silly currentTree +-- escape-html@1.0.3
116 silly currentTree +-- escape-string-regexp@1.0.5
116 silly currentTree +-- etag@1.8.0
116 silly currentTree +-- event-stream@3.3.4
116 silly currentTree +-- eventemitter3@1.2.0
116 silly currentTree +-- events@1.1.1
116 silly currentTree +-- evp_bytestokey@1.0.0
116 silly currentTree +-- expand-braces@0.1.2
116 silly currentTree | +-- braces@0.1.5
116 silly currentTree | +-- expand-range@0.1.1
116 silly currentTree | +-- is-number@0.1.1
116 silly currentTree | `-- repeat-string@0.2.2
116 silly currentTree +-- expand-brackets@0.1.5
116 silly currentTree +-- expand-range@1.8.2
116 silly currentTree +-- express-session@1.15.3
116 silly currentTree | +-- debug@2.6.7
116 silly currentTree | `-- ms@2.0.0
116 silly currentTree +-- express@4.15.3
116 silly currentTree | +-- debug@2.6.7
116 silly currentTree | `-- ms@2.0.0
116 silly currentTree +-- extend@3.0.1
116 silly currentTree +-- extglob@0.3.2
116 silly currentTree +-- extsprintf@1.0.2
116 silly currentTree +-- filename-regex@2.0.1
116 silly currentTree +-- fill-range@2.2.3
116 silly currentTree | `-- isobject@2.1.0
116 silly currentTree +-- finalhandler@1.0.3
116 silly currentTree | +-- debug@2.6.7
116 silly currentTree | `-- ms@2.0.0
116 silly currentTree +-- find-up@1.1.2
116 silly currentTree +-- font-awesome@4.7.0
116 silly currentTree +-- for-in@1.0.2
116 silly currentTree +-- for-own@1.0.0
116 silly currentTree +-- forever-agent@0.6.1
116 silly currentTree +-- form-data@2.1.4
116 silly currentTree +-- forwarded@0.1.0
116 silly currentTree +-- fresh@0.5.0
116 silly currentTree +-- from@0.1.7
116 silly currentTree +-- fs.realpath@1.0.0
116 silly currentTree +-- fstream-ignore@1.0.5
116 silly currentTree +-- fstream@1.0.11
116 silly currentTree +-- gauge@2.7.4
116 silly currentTree +-- gaze@1.1.2
116 silly currentTree +-- generaterr@1.5.0
116 silly currentTree +-- get-caller-file@1.0.2
116 silly currentTree +-- get-stdin@4.0.1
116 silly currentTree +-- getpass@0.1.7
116 silly currentTree | `-- assert-plus@1.0.0
116 silly currentTree +-- glob-base@0.3.0
116 silly currentTree +-- glob-parent@2.0.0
116 silly currentTree +-- glob@7.1.2
116 silly currentTree +-- globule@1.2.0
116 silly currentTree +-- got@3.3.1
116 silly currentTree | `-- object-assign@3.0.0
116 silly currentTree +-- graceful-fs@4.1.11
116 silly currentTree +-- har-schema@1.0.5
116 silly currentTree +-- har-validator@4.2.1
116 silly currentTree +-- has-ansi@2.0.0
116 silly currentTree +-- has-binary@0.1.7
116 silly currentTree | `-- isarray@0.0.1
116 silly currentTree +-- has-cors@1.1.0
116 silly currentTree +-- has-flag@1.0.0
116 silly currentTree +-- has-unicode@2.0.1
116 silly currentTree +-- hash-base@2.0.2
116 silly currentTree +-- hash.js@1.1.1
116 silly currentTree +-- hawk@3.1.3
116 silly currentTree +-- hmac-drbg@1.0.1
116 silly currentTree +-- hoek@2.16.3
116 silly currentTree +-- hooks-fixed@2.0.0
116 silly currentTree +-- hosted-git-info@2.4.2
116 silly currentTree +-- http-errors@1.6.1
116 silly currentTree +-- http-proxy@1.16.2
116 silly currentTree +-- http-signature@1.1.1
116 silly currentTree +-- https-browserify@0.0.1
116 silly currentTree +-- iconv-lite@0.4.15
116 silly currentTree +-- ieee754@1.1.8
116 silly currentTree +-- ignore-by-default@1.0.1
116 silly currentTree +-- imurmurhash@0.1.4
116 silly currentTree +-- in-publish@2.0.0
116 silly currentTree +-- indent-string@2.1.0
116 silly currentTree +-- indexof@0.0.1
116 silly currentTree +-- infinity-agent@2.0.3
116 silly currentTree +-- inflight@1.0.6
116 silly currentTree +-- inherits@2.0.3
116 silly currentTree +-- ini@1.3.4
116 silly currentTree +-- interpret@1.0.3
116 silly currentTree +-- invert-kv@1.0.0
116 silly currentTree +-- ipaddr.js@1.3.0
116 silly currentTree +-- is-arrayish@0.2.1
116 silly currentTree +-- is-binary-path@1.0.1
116 silly currentTree +-- is-buffer@1.1.5
116 silly currentTree +-- is-builtin-module@1.0.0
116 silly currentTree +-- is-dotfile@1.0.3
116 silly currentTree +-- is-equal-shallow@0.1.3
116 silly currentTree +-- is-extendable@0.1.1
116 silly currentTree +-- is-extglob@1.0.0
116 silly currentTree +-- is-finite@1.0.2
116 silly currentTree +-- is-fullwidth-code-point@1.0.0
116 silly currentTree +-- is-glob@2.0.1
116 silly currentTree +-- is-npm@1.0.0
116 silly currentTree +-- is-number@2.1.0
116 silly currentTree +-- is-plain-object@2.0.3
116 silly currentTree +-- is-posix-bracket@0.1.1
116 silly currentTree +-- is-primitive@2.0.0
116 silly currentTree +-- is-redirect@1.0.0
116 silly currentTree +-- is-stream@1.1.0
116 silly currentTree +-- is-typedarray@1.0.0
116 silly currentTree +-- is-utf8@0.2.1
116 silly currentTree +-- isarray@1.0.0
116 silly currentTree +-- isbinaryfile@3.0.2
116 silly currentTree +-- isemail@1.2.0
116 silly currentTree +-- isexe@2.0.0
116 silly currentTree +-- isobject@3.0.0
116 silly currentTree +-- isstream@0.1.2
116 silly currentTree +-- joi@6.10.1
116 silly currentTree +-- js-base64@2.1.9
116 silly currentTree +-- jsbn@0.1.1
116 silly currentTree +-- json-loader@0.5.4
116 silly currentTree +-- json-schema@0.2.3
116 silly currentTree +-- json-stable-stringify@1.0.1
116 silly currentTree +-- json-stringify-safe@5.0.1
116 silly currentTree +-- json3@3.3.2
116 silly currentTree +-- json5@0.5.1
116 silly currentTree +-- jsonify@0.0.0
116 silly currentTree +-- jsonwebtoken@7.4.1
116 silly currentTree | `-- ms@2.0.0
116 silly currentTree +-- jsprim@1.4.0
116 silly currentTree | `-- assert-plus@1.0.0
116 silly currentTree +-- jwa@1.1.5
116 silly currentTree +-- jws@3.1.4
116 silly currentTree +-- kareem@1.4.1
116 silly currentTree +-- karma@1.7.0
116 silly currentTree | +-- bluebird@3.5.0
116 silly currentTree | +-- lodash@3.10.1
116 silly currentTree | +-- rimraf@2.6.1
116 silly currentTree | `-- source-map@0.5.6
116 silly currentTree +-- kind-of@3.2.2
116 silly currentTree +-- latest-version@1.0.1
116 silly currentTree +-- lazy-cache@0.2.7
116 silly currentTree +-- lcid@1.0.0
116 silly currentTree +-- load-json-file@1.1.0
116 silly currentTree +-- loader-runner@2.3.0
116 silly currentTree +-- loader-utils@1.1.0
116 silly currentTree +-- lodash._baseassign@3.2.0
116 silly currentTree +-- lodash._basecopy@3.0.1
116 silly currentTree +-- lodash._bindcallback@3.0.1
116 silly currentTree +-- lodash._createassigner@3.1.1
116 silly currentTree +-- lodash._getnative@3.9.1
116 silly currentTree +-- lodash._isiterateecall@3.0.9
116 silly currentTree +-- lodash.assign@4.2.0
116 silly currentTree +-- lodash.clonedeep@4.5.0
116 silly currentTree +-- lodash.defaults@3.1.2
116 silly currentTree | `-- lodash.assign@3.2.0
116 silly currentTree +-- lodash.isarguments@3.1.0
116 silly currentTree +-- lodash.isarray@3.0.4
116 silly currentTree +-- lodash.keys@3.1.2
116 silly currentTree +-- lodash.mergewith@4.6.0
116 silly currentTree +-- lodash.once@4.1.1
116 silly currentTree +-- lodash.restparam@3.6.1
116 silly currentTree +-- lodash.tail@4.1.1
116 silly currentTree +-- lodash@4.17.4
116 silly currentTree +-- log4js@0.6.38
116 silly currentTree | +-- isarray@0.0.1
116 silly currentTree | +-- readable-stream@1.0.34
116 silly currentTree | +-- semver@4.3.6
116 silly currentTree | `-- string_decoder@0.10.31
116 silly currentTree +-- longest@1.0.1
116 silly currentTree +-- loud-rejection@1.6.0
116 silly currentTree +-- lowercase-keys@1.0.0
116 silly currentTree +-- lru-cache@4.1.1
116 silly currentTree +-- map-obj@1.0.1
116 silly currentTree +-- map-stream@0.1.0
116 silly currentTree +-- media-typer@0.3.0
116 silly currentTree +-- memory-fs@0.4.1
116 silly currentTree +-- meow@3.7.0
116 silly currentTree | `-- minimist@1.2.0
116 silly currentTree +-- merge-descriptors@1.0.1
116 silly currentTree +-- methods@1.1.2
116 silly currentTree +-- micromatch@2.3.11
116 silly currentTree +-- miller-rabin@4.0.0
116 silly currentTree +-- mime-db@1.27.0
116 silly currentTree +-- mime-types@2.1.15
116 silly currentTree +-- mime@1.3.4
116 silly currentTree +-- minimalistic-assert@1.0.0
116 silly currentTree +-- minimalistic-crypto-utils@1.0.1
116 silly currentTree +-- minimatch@3.0.4
116 silly currentTree +-- minimist@0.0.8
116 silly currentTree +-- mixin-object@2.0.1
116 silly currentTree | `-- for-in@0.1.8
116 silly currentTree +-- mkdirp@0.5.1
116 silly currentTree +-- moment@2.18.1
116 silly currentTree +-- mongodb-core@2.1.13
116 silly currentTree +-- mongodb@2.2.29
116 silly currentTree | `-- readable-stream@2.2.7
116 silly currentTree +-- mongoose-currency@0.2.0
116 silly currentTree +-- mongoose-timestamp@0.6.0
116 silly currentTree +-- mongoose@4.10.8
116 silly currentTree | +-- mongodb-core@2.1.11
116 silly currentTree | +-- mongodb@2.2.27
116 silly currentTree | +-- ms@2.0.0
116 silly currentTree | `-- readable-stream@2.2.7
116 silly currentTree +-- morgan@1.8.2
116 silly currentTree | +-- debug@2.6.8
116 silly currentTree | `-- ms@2.0.0
116 silly currentTree +-- mpath@0.3.0
116 silly currentTree +-- mpromise@0.5.5
116 silly currentTree +-- mquery@2.3.1
116 silly currentTree | +-- debug@2.6.8
116 silly currentTree | +-- ms@2.0.0
116 silly currentTree | `-- sliced@0.0.5
116 silly currentTree +-- ms@0.7.1
116 silly currentTree +-- muri@1.2.1
116 silly currentTree +-- nan@2.5.0
116 silly currentTree +-- negotiator@0.6.1
116 silly currentTree +-- nested-error-stacks@1.0.2
116 silly currentTree +-- node-gyp@3.6.2
116 silly currentTree +-- node-libs-browser@2.0.0
116 silly currentTree | `-- string_decoder@0.10.31
116 silly currentTree +-- node-pre-gyp@0.6.32
116 silly currentTree +-- node-sass@4.5.3
116 silly currentTree +-- nodemon@1.11.0
116 silly currentTree +-- nopt@3.0.6
116 silly currentTree +-- normalize-package-data@2.3.8
116 silly currentTree +-- normalize-path@2.1.1
116 silly currentTree +-- npmlog@4.1.0
116 silly currentTree +-- number-is-nan@1.0.1
116 silly currentTree +-- oauth-sign@0.8.2
116 silly currentTree +-- oauth@0.9.15
116 silly currentTree +-- object-assign@4.1.1
116 silly currentTree +-- object-component@0.0.3
116 silly currentTree +-- object.omit@2.0.1
116 silly currentTree | `-- for-own@0.1.5
116 silly currentTree +-- on-finished@2.3.0
116 silly currentTree +-- on-headers@1.0.1
116 silly currentTree +-- once@1.4.0
116 silly currentTree +-- optimist@0.6.1
116 silly currentTree +-- options@0.0.6
116 silly currentTree +-- os-browserify@0.2.1
116 silly currentTree +-- os-homedir@1.0.2
116 silly currentTree +-- os-locale@1.4.0
116 silly currentTree +-- os-tmpdir@1.0.2
116 silly currentTree +-- osenv@0.1.4
116 silly currentTree +-- package-json@1.2.0
116 silly currentTree +-- pako@0.2.9
116 silly currentTree +-- parse-asn1@5.1.0
116 silly currentTree +-- parse-glob@3.0.4
116 silly currentTree +-- parse-json@2.2.0
116 silly currentTree +-- parsejson@0.0.3
116 silly currentTree +-- parseqs@0.0.5
116 silly currentTree +-- parseuri@0.0.5
116 silly currentTree +-- parseurl@1.3.1
116 silly currentTree +-- passport-facebook@2.1.1
116 silly currentTree +-- passport-jwt@2.2.1
116 silly currentTree +-- passport-local-mongoose@4.0.0
116 silly currentTree +-- passport-local@1.0.0
116 silly currentTree +-- passport-oauth2@1.4.0
116 silly currentTree +-- passport-strategy@1.0.0
116 silly currentTree +-- passport@0.3.2
116 silly currentTree +-- path-browserify@0.0.0
116 silly currentTree +-- path-exists@2.1.0
116 silly currentTree +-- path-is-absolute@1.0.1
116 silly currentTree +-- path-to-regexp@0.1.7
116 silly currentTree +-- path-type@1.1.0
116 silly currentTree +-- pause-stream@0.0.11
116 silly currentTree +-- pause@0.0.1
116 silly currentTree +-- pbkdf2@3.0.12
116 silly currentTree +-- performance-now@0.2.0
116 silly currentTree +-- pify@2.3.0
116 silly currentTree +-- pinkie-promise@2.0.1
116 silly currentTree +-- pinkie@2.0.4
116 silly currentTree +-- prepend-http@1.0.4
116 silly currentTree +-- preserve@0.2.0
116 silly currentTree +-- process-nextick-args@1.0.7
116 silly currentTree +-- process@0.11.10
116 silly currentTree +-- proxy-addr@1.1.4
116 silly currentTree +-- prr@0.0.0
116 silly currentTree +-- ps-tree@1.1.0
116 silly currentTree +-- pseudomap@1.0.2
116 silly currentTree +-- public-encrypt@4.0.0
116 silly currentTree +-- punycode@1.4.1
116 silly currentTree +-- qjobs@1.1.5
116 silly currentTree +-- qs@6.4.0
116 silly currentTree +-- querystring-es3@0.2.1
116 silly currentTree +-- querystring@0.2.0
116 silly currentTree +-- random-bytes@1.0.0
116 silly currentTree +-- randomatic@1.1.7
116 silly currentTree | +-- is-number@3.0.0
116 silly currentTree | | `-- kind-of@3.2.2
116 silly currentTree | `-- kind-of@4.0.0
116 silly currentTree +-- randombytes@2.0.5
116 silly currentTree +-- range-parser@1.2.0
116 silly currentTree +-- raw-body@2.2.0
116 silly currentTree +-- rc@1.1.7
116 silly currentTree | `-- minimist@1.2.0
116 silly currentTree +-- read-all-stream@3.1.0
116 silly currentTree +-- read-pkg-up@1.0.1
116 silly currentTree +-- read-pkg@1.1.0
116 silly currentTree +-- readable-stream@2.3.2
116 silly currentTree +-- readdirp@2.1.0
116 silly currentTree +-- redent@1.0.0
116 silly currentTree +-- regex-cache@0.4.3
116 silly currentTree +-- regexp-clone@0.0.1
116 silly currentTree +-- registry-url@3.1.0
116 silly currentTree +-- remove-trailing-separator@1.0.2
116 silly currentTree +-- repeat-element@1.1.2
116 silly currentTree +-- repeat-string@1.6.1
116 silly currentTree +-- repeating@2.0.1
116 silly currentTree +-- request@2.81.0
116 silly currentTree +-- require_optional@1.0.1
116 silly currentTree +-- require-directory@2.1.1
116 silly currentTree +-- require-main-filename@1.0.1
116 silly currentTree +-- requires-port@1.0.0
116 silly currentTree +-- resolve-from@2.0.0
116 silly currentTree +-- right-align@0.1.3
116 silly currentTree +-- rimraf@2.5.4
116 silly currentTree +-- ripemd160@2.0.1
116 silly currentTree +-- safe-buffer@5.1.1
116 silly currentTree +-- sass-graph@2.2.4
116 silly currentTree +-- sass-loader@6.0.6
116 silly currentTree | +-- async@2.4.1
116 silly currentTree | `-- pify@3.0.0
116 silly currentTree +-- scmp@1.0.2
116 silly currentTree +-- scss-tokenizer@0.2.3
116 silly currentTree +-- semver-diff@2.1.0
116 silly currentTree +-- semver@5.3.0
116 silly currentTree +-- send@0.15.3
116 silly currentTree | +-- debug@2.6.7
116 silly currentTree | `-- ms@2.0.0
116 silly currentTree +-- serve-static@1.12.3
116 silly currentTree +-- set-blocking@2.0.0
116 silly currentTree +-- set-immediate-shim@1.0.1
116 silly currentTree +-- setimmediate@1.0.5
116 silly currentTree +-- setprototypeof@1.0.3
116 silly currentTree +-- sha.js@2.4.8
116 silly currentTree +-- shallow-clone@0.1.2
116 silly currentTree | `-- kind-of@2.0.1
116 silly currentTree +-- signal-exit@3.0.2
116 silly currentTree +-- sliced@1.0.1
116 silly currentTree +-- slide@1.1.6
116 silly currentTree +-- sntp@1.0.9
116 silly currentTree +-- socket.io-adapter@0.5.0
116 silly currentTree | +-- debug@2.3.3
116 silly currentTree | `-- ms@0.7.2
116 silly currentTree +-- socket.io-client@1.7.3
116 silly currentTree | +-- component-emitter@1.2.1
116 silly currentTree | +-- debug@2.3.3
116 silly currentTree | `-- ms@0.7.2
116 silly currentTree +-- socket.io-parser@2.3.1
116 silly currentTree | `-- isarray@0.0.1
116 silly currentTree +-- socket.io@1.7.3
116 silly currentTree | +-- debug@2.3.3
116 silly currentTree | +-- ms@0.7.2
116 silly currentTree | `-- object-assign@4.1.0
116 silly currentTree +-- source-list-map@1.1.2
116 silly currentTree +-- source-map@0.4.4
116 silly currentTree +-- spdx-correct@1.0.2
116 silly currentTree +-- spdx-expression-parse@1.0.4
116 silly currentTree +-- spdx-license-ids@1.2.2
116 silly currentTree +-- split@0.3.3
116 silly currentTree +-- sshpk@1.13.1
116 silly currentTree | `-- assert-plus@1.0.0
116 silly currentTree +-- statuses@1.3.1
116 silly currentTree +-- stdout-stream@1.4.0
116 silly currentTree +-- stream-browserify@2.0.1
116 silly currentTree +-- stream-combiner@0.0.4
116 silly currentTree +-- stream-http@2.7.2
116 silly currentTree +-- stream-shift@1.0.0
116 silly currentTree +-- string_decoder@1.0.2
116 silly currentTree | `-- safe-buffer@5.0.1
116 silly currentTree +-- string-length@1.0.1
116 silly currentTree +-- string-width@1.0.2
116 silly currentTree +-- stringstream@0.0.5
116 silly currentTree +-- strip-ansi@3.0.1
116 silly currentTree +-- strip-bom@2.0.0
116 silly currentTree +-- strip-indent@1.0.1
116 silly currentTree +-- strip-json-comments@2.0.1
116 silly currentTree +-- supports-color@2.0.0
116 silly currentTree +-- tapable@0.2.6
116 silly currentTree +-- tar-pack@3.3.0
116 silly currentTree | +-- once@1.3.3
116 silly currentTree | +-- readable-stream@2.1.5
116 silly currentTree | `-- string_decoder@0.10.31
116 silly currentTree +-- tar@2.2.1
116 silly currentTree +-- through@2.3.8
116 silly currentTree +-- timed-out@2.0.0
116 silly currentTree +-- timers-browserify@2.0.2
116 silly currentTree +-- tmp@0.0.31
116 silly currentTree +-- to-array@0.1.4
116 silly currentTree +-- to-arraybuffer@1.0.1
116 silly currentTree +-- topo@1.1.0
116 silly currentTree +-- touch@1.0.0
116 silly currentTree | `-- nopt@1.0.10
116 silly currentTree +-- tough-cookie@2.3.2
116 silly currentTree +-- trim-newlines@1.0.0
116 silly currentTree +-- tty-browserify@0.0.0
116 silly currentTree +-- tunnel-agent@0.6.0
116 silly currentTree +-- tweetnacl@0.14.5
116 silly currentTree +-- type-is@1.6.15
116 silly currentTree +-- uglify-js@2.8.29
116 silly currentTree | +-- camelcase@1.2.1
116 silly currentTree | +-- cliui@2.1.0
116 silly currentTree | +-- source-map@0.5.6
116 silly currentTree | `-- yargs@3.10.0
116 silly currentTree +-- uglify-to-browserify@1.0.2
116 silly currentTree +-- uid-number@0.0.6
116 silly currentTree +-- uid-safe@2.1.4
116 silly currentTree +-- uid2@0.0.3
116 silly currentTree +-- ultron@1.0.2
116 silly currentTree +-- undefsafe@0.0.3
116 silly currentTree +-- unpipe@1.0.0
116 silly currentTree +-- update-notifier@0.5.0
116 silly currentTree | `-- repeating@1.1.3
116 silly currentTree +-- url@0.11.0
116 silly currentTree | `-- punycode@1.3.2
116 silly currentTree +-- useragent@2.1.13
116 silly currentTree | `-- lru-cache@2.2.4
116 silly currentTree +-- util-deprecate@1.0.2
116 silly currentTree +-- util@0.10.3
116 silly currentTree | `-- inherits@2.0.1
116 silly currentTree +-- utils-merge@1.0.0
116 silly currentTree +-- uuid@3.1.0
116 silly currentTree +-- validate-npm-package-license@3.0.1
116 silly currentTree +-- validator@7.1.0
116 silly currentTree +-- vary@1.1.1
116 silly currentTree +-- verror@1.3.6
116 silly currentTree +-- vm-browserify@0.0.4
116 silly currentTree +-- void-elements@2.0.1
116 silly currentTree +-- watchpack@1.3.1
116 silly currentTree +-- webpack-sources@0.2.3
116 silly currentTree | `-- source-map@0.5.6
116 silly currentTree +-- webpack@2.6.1
116 silly currentTree | +-- camelcase@3.0.0
116 silly currentTree | +-- loader-utils@0.2.17
116 silly currentTree | +-- source-map@0.5.6
116 silly currentTree | +-- supports-color@3.2.3
116 silly currentTree | +-- yargs-parser@4.2.1
116 silly currentTree | `-- yargs@6.6.0
116 silly currentTree +-- which-module@1.0.0
116 silly currentTree +-- which@1.2.14
116 silly currentTree +-- wide-align@1.1.2
116 silly currentTree +-- window-size@0.1.0
116 silly currentTree +-- wordwrap@0.0.2
116 silly currentTree +-- wrap-ansi@2.1.0
116 silly currentTree +-- wrappy@1.0.2
116 silly currentTree +-- write-file-atomic@1.3.4
116 silly currentTree +-- ws@1.1.2
116 silly currentTree +-- wtf-8@1.0.0
116 silly currentTree +-- xdg-basedir@2.0.0
116 silly currentTree +-- xmlhttprequest-ssl@1.5.3
116 silly currentTree +-- xtend@4.0.1
116 silly currentTree +-- y18n@3.2.1
116 silly currentTree +-- yallist@2.1.2
116 silly currentTree +-- yargs-parser@5.0.0
116 silly currentTree | `-- camelcase@3.0.0
116 silly currentTree +-- yargs@7.1.0
116 silly currentTree | `-- camelcase@3.0.0
116 silly currentTree `-- yeast@0.1.2
117 silly idealTree cheap-eat@1.0.0
117 silly idealTree +-- @uirouter/angularjs@1.0.4
117 silly idealTree +-- @uirouter/core@5.0.3
117 silly idealTree +-- abbrev@1.1.0
117 silly idealTree +-- accepts@1.3.3
117 silly idealTree +-- acorn-dynamic-import@2.0.2
117 silly idealTree | `-- acorn@4.0.13
117 silly idealTree +-- acorn@5.0.3
117 silly idealTree +-- after@0.8.2
117 silly idealTree +-- ajv-keywords@1.5.1
117 silly idealTree +-- ajv@4.11.8
117 silly idealTree +-- align-text@0.1.4
117 silly idealTree +-- amdefine@1.0.1
117 silly idealTree +-- angular-route@1.6.4
117 silly idealTree +-- angular@1.6.4
117 silly idealTree +-- ansi-regex@2.1.1
117 silly idealTree +-- ansi-styles@2.2.1
117 silly idealTree +-- anymatch@1.3.0
117 silly idealTree +-- aproba@1.1.2
117 silly idealTree +-- are-we-there-yet@1.1.4
117 silly idealTree +-- arr-diff@2.0.0
117 silly idealTree +-- arr-flatten@1.0.3
117 silly idealTree +-- array-find-index@1.0.2
117 silly idealTree +-- array-flatten@1.1.1
117 silly idealTree +-- array-slice@0.2.3
117 silly idealTree +-- array-unique@0.2.1
117 silly idealTree +-- arraybuffer.slice@0.0.6
117 silly idealTree +-- arrify@1.0.1
117 silly idealTree +-- asn1.js@4.9.1
117 silly idealTree +-- asn1@0.2.3
117 silly idealTree +-- assert-plus@0.2.0
117 silly idealTree +-- assert@1.4.1
117 silly idealTree +-- async-each@1.0.1
117 silly idealTree +-- async-foreach@0.1.3
117 silly idealTree +-- async@2.1.4
117 silly idealTree +-- asynckit@0.4.0
117 silly idealTree +-- aws-sign2@0.6.0
117 silly idealTree +-- aws4@1.6.0
117 silly idealTree +-- backo2@1.0.2
117 silly idealTree +-- balanced-match@1.0.0
117 silly idealTree +-- base64-arraybuffer@0.1.5
117 silly idealTree +-- base64-js@1.2.1
117 silly idealTree +-- base64id@1.0.0
117 silly idealTree +-- base64url@2.0.0
117 silly idealTree +-- basic-auth@1.1.0
117 silly idealTree +-- bcrypt-pbkdf@1.0.1
117 silly idealTree +-- bcrypt@1.0.2
117 silly idealTree +-- bcryptjs@2.4.3
117 silly idealTree +-- better-assert@1.0.2
117 silly idealTree +-- big.js@3.1.3
117 silly idealTree +-- binary-extensions@1.8.0
117 silly idealTree +-- bindings@1.2.1
117 silly idealTree +-- blob@0.0.4
117 silly idealTree +-- block-stream@0.0.9
117 silly idealTree +-- bluebird@2.10.2
117 silly idealTree +-- bn.js@4.11.7
117 silly idealTree +-- body-parser@1.17.2
117 silly idealTree | +-- debug@2.6.7
117 silly idealTree | `-- ms@2.0.0
117 silly idealTree +-- boom@2.10.1
117 silly idealTree +-- bootstrap@3.3.7
117 silly idealTree +-- brace-expansion@1.1.8
117 silly idealTree +-- braces@1.8.5
117 silly idealTree +-- brorand@1.1.0
117 silly idealTree +-- browserify-aes@1.0.6
117 silly idealTree +-- browserify-cipher@1.0.0
117 silly idealTree +-- browserify-des@1.0.0
117 silly idealTree +-- browserify-rsa@4.0.1
117 silly idealTree +-- browserify-sign@4.0.4
117 silly idealTree +-- browserify-zlib@0.1.4
117 silly idealTree +-- bson@1.0.4
117 silly idealTree +-- buffer-equal-constant-time@1.0.1
117 silly idealTree +-- buffer-shims@1.0.0
117 silly idealTree +-- buffer-xor@1.0.3
117 silly idealTree +-- buffer@4.9.1
117 silly idealTree +-- builtin-modules@1.1.1
117 silly idealTree +-- builtin-status-codes@3.0.0
117 silly idealTree +-- bytes@2.4.0
117 silly idealTree +-- callsite@1.0.0
117 silly idealTree +-- camelcase-keys@2.1.0
117 silly idealTree +-- camelcase@2.1.1
117 silly idealTree +-- caseless@0.12.0
117 silly idealTree +-- center-align@0.1.3
117 silly idealTree | `-- lazy-cache@1.0.4
117 silly idealTree +-- chalk@1.1.3
117 silly idealTree +-- chokidar@1.7.0
117 silly idealTree +-- cipher-base@1.0.3
117 silly idealTree +-- cliui@3.2.0
117 silly idealTree +-- clone-deep@0.3.0
117 silly idealTree +-- clone@1.0.2
117 silly idealTree +-- co@4.6.0
117 silly idealTree +-- code-point-at@1.1.0
117 silly idealTree +-- colors@1.1.2
117 silly idealTree +-- combine-lists@1.0.1
117 silly idealTree +-- combined-stream@1.0.5
117 silly idealTree +-- component-bind@1.0.0
117 silly idealTree +-- component-emitter@1.1.2
117 silly idealTree +-- component-inherit@0.0.3
117 silly idealTree +-- concat-map@0.0.1
117 silly idealTree +-- configstore@1.4.0
117 silly idealTree | `-- uuid@2.0.3
117 silly idealTree +-- connect@3.6.2
117 silly idealTree | +-- debug@2.6.7
117 silly idealTree | `-- ms@2.0.0
117 silly idealTree +-- console-browserify@1.1.0
117 silly idealTree +-- console-control-strings@1.1.0
117 silly idealTree +-- constants-browserify@1.0.0
117 silly idealTree +-- content-disposition@0.5.2
117 silly idealTree +-- content-type@1.0.2
117 silly idealTree +-- cookie-parser@1.4.3
117 silly idealTree +-- cookie-signature@1.0.6
117 silly idealTree +-- cookie@0.3.1
117 silly idealTree +-- core-js@2.4.1
117 silly idealTree +-- core-util-is@1.0.2
117 silly idealTree +-- crc@3.4.4
117 silly idealTree +-- create-ecdh@4.0.0
117 silly idealTree +-- create-hash@1.1.3
117 silly idealTree +-- create-hmac@1.1.6
117 silly idealTree +-- cross-spawn@3.0.1
117 silly idealTree +-- cryptiles@2.0.5
117 silly idealTree +-- crypto-browserify@3.11.0
117 silly idealTree +-- currently-unhandled@0.4.1
117 silly idealTree +-- custom-event@1.0.1
117 silly idealTree +-- dashdash@1.14.1
117 silly idealTree | `-- assert-plus@1.0.0
117 silly idealTree +-- date-now@0.1.4
117 silly idealTree +-- debug@2.2.0
117 silly idealTree +-- decamelize@1.2.0
117 silly idealTree +-- deep-extend@0.4.2
117 silly idealTree +-- defaults@1.0.3
117 silly idealTree +-- delayed-stream@1.0.0
117 silly idealTree +-- delegates@1.0.0
117 silly idealTree +-- depd@1.1.0
117 silly idealTree +-- des.js@1.0.0
117 silly idealTree +-- destroy@1.0.4
117 silly idealTree +-- di@0.0.1
117 silly idealTree +-- diffie-hellman@5.0.2
117 silly idealTree +-- dom-serialize@2.2.1
117 silly idealTree +-- domain-browser@1.1.7
117 silly idealTree +-- duplexer@0.1.1
117 silly idealTree +-- duplexify@3.5.0
117 silly idealTree +-- ecc-jsbn@0.1.1
117 silly idealTree +-- ecdsa-sig-formatter@1.0.9
117 silly idealTree +-- ee-first@1.1.1
117 silly idealTree +-- elliptic@6.4.0
117 silly idealTree +-- emojis-list@2.1.0
117 silly idealTree +-- encodeurl@1.0.1
117 silly idealTree +-- end-of-stream@1.0.0
117 silly idealTree | `-- once@1.3.3
117 silly idealTree +-- engine.io-client@1.8.3
117 silly idealTree | +-- component-emitter@1.2.1
117 silly idealTree | +-- debug@2.3.3
117 silly idealTree | `-- ms@0.7.2
117 silly idealTree +-- engine.io-parser@1.3.2
117 silly idealTree +-- engine.io@1.8.3
117 silly idealTree | +-- debug@2.3.3
117 silly idealTree | `-- ms@0.7.2
117 silly idealTree +-- enhanced-resolve@3.1.0
117 silly idealTree +-- ent@2.2.0
117 silly idealTree +-- errno@0.1.4
117 silly idealTree +-- error-ex@1.3.1
117 silly idealTree +-- es6-promise@3.2.1
117 silly idealTree +-- escape-html@1.0.3
117 silly idealTree +-- escape-string-regexp@1.0.5
117 silly idealTree +-- etag@1.8.0
117 silly idealTree +-- event-stream@3.3.4
117 silly idealTree +-- eventemitter3@1.2.0
117 silly idealTree +-- events@1.1.1
117 silly idealTree +-- evp_bytestokey@1.0.0
117 silly idealTree +-- expand-braces@0.1.2
117 silly idealTree | +-- braces@0.1.5
117 silly idealTree | +-- expand-range@0.1.1
117 silly idealTree | +-- is-number@0.1.1
117 silly idealTree | `-- repeat-string@0.2.2
117 silly idealTree +-- expand-brackets@0.1.5
117 silly idealTree +-- expand-range@1.8.2
117 silly idealTree +-- express-session@1.15.3
117 silly idealTree | +-- debug@2.6.7
117 silly idealTree | `-- ms@2.0.0
117 silly idealTree +-- express@4.15.3
117 silly idealTree | +-- debug@2.6.7
117 silly idealTree | `-- ms@2.0.0
117 silly idealTree +-- extend@3.0.1
117 silly idealTree +-- extglob@0.3.2
117 silly idealTree +-- extsprintf@1.0.2
117 silly idealTree +-- filename-regex@2.0.1
117 silly idealTree +-- fill-range@2.2.3
117 silly idealTree | `-- isobject@2.1.0
117 silly idealTree +-- finalhandler@1.0.3
117 silly idealTree | +-- debug@2.6.7
117 silly idealTree | `-- ms@2.0.0
117 silly idealTree +-- find-up@1.1.2
117 silly idealTree +-- font-awesome@4.7.0
117 silly idealTree +-- for-in@1.0.2
117 silly idealTree +-- for-own@1.0.0
117 silly idealTree +-- forever-agent@0.6.1
117 silly idealTree +-- form-data@2.1.4
117 silly idealTree +-- forwarded@0.1.0
117 silly idealTree +-- fresh@0.5.0
117 silly idealTree +-- from@0.1.7
117 silly idealTree +-- fs.realpath@1.0.0
117 silly idealTree +-- fstream-ignore@1.0.5
117 silly idealTree +-- fstream@1.0.11
117 silly idealTree +-- gauge@2.7.4
117 silly idealTree +-- gaze@1.1.2
117 silly idealTree +-- generaterr@1.5.0
117 silly idealTree +-- get-caller-file@1.0.2
117 silly idealTree +-- get-stdin@4.0.1
117 silly idealTree +-- getpass@0.1.7
117 silly idealTree | `-- assert-plus@1.0.0
117 silly idealTree +-- glob-base@0.3.0
117 silly idealTree +-- glob-parent@2.0.0
117 silly idealTree +-- glob@7.1.2
117 silly idealTree +-- globule@1.2.0
117 silly idealTree +-- got@3.3.1
117 silly idealTree | `-- object-assign@3.0.0
117 silly idealTree +-- graceful-fs@4.1.11
117 silly idealTree +-- har-schema@1.0.5
117 silly idealTree +-- har-validator@4.2.1
117 silly idealTree +-- has-ansi@2.0.0
117 silly idealTree +-- has-binary@0.1.7
117 silly idealTree | `-- isarray@0.0.1
117 silly idealTree +-- has-cors@1.1.0
117 silly idealTree +-- has-flag@1.0.0
117 silly idealTree +-- has-unicode@2.0.1
117 silly idealTree +-- hash-base@2.0.2
117 silly idealTree +-- hash.js@1.1.1
117 silly idealTree +-- hawk@3.1.3
117 silly idealTree +-- hmac-drbg@1.0.1
117 silly idealTree +-- hoek@2.16.3
117 silly idealTree +-- hooks-fixed@2.0.0
117 silly idealTree +-- hosted-git-info@2.4.2
117 silly idealTree +-- http-errors@1.6.1
117 silly idealTree +-- http-proxy@1.16.2
117 silly idealTree +-- http-signature@1.1.1
117 silly idealTree +-- https-browserify@0.0.1
117 silly idealTree +-- iconv-lite@0.4.15
117 silly idealTree +-- ieee754@1.1.8
117 silly idealTree +-- ignore-by-default@1.0.1
117 silly idealTree +-- imurmurhash@0.1.4
117 silly idealTree +-- in-publish@2.0.0
117 silly idealTree +-- indent-string@2.1.0
117 silly idealTree +-- indexof@0.0.1
117 silly idealTree +-- infinity-agent@2.0.3
117 silly idealTree +-- inflight@1.0.6
117 silly idealTree +-- inherits@2.0.3
117 silly idealTree +-- ini@1.3.4
117 silly idealTree +-- interpret@1.0.3
117 silly idealTree +-- invert-kv@1.0.0
117 silly idealTree +-- ipaddr.js@1.3.0
117 silly idealTree +-- is-arrayish@0.2.1
117 silly idealTree +-- is-binary-path@1.0.1
117 silly idealTree +-- is-buffer@1.1.5
117 silly idealTree +-- is-builtin-module@1.0.0
117 silly idealTree +-- is-dotfile@1.0.3
117 silly idealTree +-- is-equal-shallow@0.1.3
117 silly idealTree +-- is-extendable@0.1.1
117 silly idealTree +-- is-extglob@1.0.0
117 silly idealTree +-- is-finite@1.0.2
117 silly idealTree +-- is-fullwidth-code-point@1.0.0
117 silly idealTree +-- is-glob@2.0.1
117 silly idealTree +-- is-npm@1.0.0
117 silly idealTree +-- is-number@2.1.0
117 silly idealTree +-- is-plain-object@2.0.3
117 silly idealTree +-- is-posix-bracket@0.1.1
117 silly idealTree +-- is-primitive@2.0.0
117 silly idealTree +-- is-redirect@1.0.0
117 silly idealTree +-- is-stream@1.1.0
117 silly idealTree +-- is-typedarray@1.0.0
117 silly idealTree +-- is-utf8@0.2.1
117 silly idealTree +-- isarray@1.0.0
117 silly idealTree +-- isbinaryfile@3.0.2
117 silly idealTree +-- isemail@1.2.0
117 silly idealTree +-- isexe@2.0.0
117 silly idealTree +-- isobject@3.0.0
117 silly idealTree +-- isstream@0.1.2
117 silly idealTree +-- joi@6.10.1
117 silly idealTree +-- js-base64@2.1.9
117 silly idealTree +-- jsbn@0.1.1
117 silly idealTree +-- json-loader@0.5.4
117 silly idealTree +-- json-schema@0.2.3
117 silly idealTree +-- json-stable-stringify@1.0.1
117 silly idealTree +-- json-stringify-safe@5.0.1
117 silly idealTree +-- json3@3.3.2
117 silly idealTree +-- json5@0.5.1
117 silly idealTree +-- jsonify@0.0.0
117 silly idealTree +-- jsonwebtoken@7.4.1
117 silly idealTree | `-- ms@2.0.0
117 silly idealTree +-- jsprim@1.4.0
117 silly idealTree | `-- assert-plus@1.0.0
117 silly idealTree +-- jwa@1.1.5
117 silly idealTree +-- jws@3.1.4
117 silly idealTree +-- jwt@0.2.0
117 silly idealTree +-- kareem@1.4.1
117 silly idealTree +-- karma@1.7.0
117 silly idealTree | +-- bluebird@3.5.0
117 silly idealTree | +-- lodash@3.10.1
117 silly idealTree | +-- rimraf@2.6.1
117 silly idealTree | `-- source-map@0.5.6
117 silly idealTree +-- kind-of@3.2.2
117 silly idealTree +-- latest-version@1.0.1
117 silly idealTree +-- lazy-cache@0.2.7
117 silly idealTree +-- lcid@1.0.0
117 silly idealTree +-- load-json-file@1.1.0
117 silly idealTree +-- loader-runner@2.3.0
117 silly idealTree +-- loader-utils@1.1.0
117 silly idealTree +-- lodash._baseassign@3.2.0
117 silly idealTree +-- lodash._basecopy@3.0.1
117 silly idealTree +-- lodash._bindcallback@3.0.1
117 silly idealTree +-- lodash._createassigner@3.1.1
117 silly idealTree +-- lodash._getnative@3.9.1
117 silly idealTree +-- lodash._isiterateecall@3.0.9
117 silly idealTree +-- lodash.assign@4.2.0
117 silly idealTree +-- lodash.clonedeep@4.5.0
117 silly idealTree +-- lodash.defaults@3.1.2
117 silly idealTree | `-- lodash.assign@3.2.0
117 silly idealTree +-- lodash.isarguments@3.1.0
117 silly idealTree +-- lodash.isarray@3.0.4
117 silly idealTree +-- lodash.keys@3.1.2
117 silly idealTree +-- lodash.mergewith@4.6.0
117 silly idealTree +-- lodash.once@4.1.1
117 silly idealTree +-- lodash.restparam@3.6.1
117 silly idealTree +-- lodash.tail@4.1.1
117 silly idealTree +-- lodash@4.17.4
117 silly idealTree +-- log4js@0.6.38
117 silly idealTree | +-- isarray@0.0.1
117 silly idealTree | +-- readable-stream@1.0.34
117 silly idealTree | +-- semver@4.3.6
117 silly idealTree | `-- string_decoder@0.10.31
117 silly idealTree +-- longest@1.0.1
117 silly idealTree +-- loud-rejection@1.6.0
117 silly idealTree +-- lowercase-keys@1.0.0
117 silly idealTree +-- lru-cache@4.1.1
117 silly idealTree +-- map-obj@1.0.1
117 silly idealTree +-- map-stream@0.1.0
117 silly idealTree +-- media-typer@0.3.0
117 silly idealTree +-- memory-fs@0.4.1
117 silly idealTree +-- meow@3.7.0
117 silly idealTree | `-- minimist@1.2.0
117 silly idealTree +-- merge-descriptors@1.0.1
117 silly idealTree +-- methods@1.1.2
117 silly idealTree +-- micromatch@2.3.11
117 silly idealTree +-- miller-rabin@4.0.0
117 silly idealTree +-- mime-db@1.27.0
117 silly idealTree +-- mime-types@2.1.15
117 silly idealTree +-- mime@1.3.4
117 silly idealTree +-- minimalistic-assert@1.0.0
117 silly idealTree +-- minimalistic-crypto-utils@1.0.1
117 silly idealTree +-- minimatch@3.0.4
117 silly idealTree +-- minimist@0.0.8
117 silly idealTree +-- mixin-object@2.0.1
117 silly idealTree | `-- for-in@0.1.8
117 silly idealTree +-- mkdirp@0.5.1
117 silly idealTree +-- moment@2.18.1
117 silly idealTree +-- mongodb-core@2.1.13
117 silly idealTree +-- mongodb@2.2.29
117 silly idealTree | `-- readable-stream@2.2.7
117 silly idealTree +-- mongoose-currency@0.2.0
117 silly idealTree +-- mongoose-timestamp@0.6.0
117 silly idealTree +-- mongoose@4.10.8
117 silly idealTree | +-- mongodb-core@2.1.11
117 silly idealTree | +-- mongodb@2.2.27
117 silly idealTree | +-- ms@2.0.0
117 silly idealTree | `-- readable-stream@2.2.7
117 silly idealTree +-- morgan@1.8.2
117 silly idealTree | +-- debug@2.6.8
117 silly idealTree | `-- ms@2.0.0
117 silly idealTree +-- mpath@0.3.0
117 silly idealTree +-- mpromise@0.5.5
117 silly idealTree +-- mquery@2.3.1
117 silly idealTree | +-- debug@2.6.8
117 silly idealTree | +-- ms@2.0.0
117 silly idealTree | `-- sliced@0.0.5
117 silly idealTree +-- ms@0.7.1
117 silly idealTree +-- muri@1.2.1
117 silly idealTree +-- nan@2.5.0
117 silly idealTree +-- negotiator@0.6.1
117 silly idealTree +-- nested-error-stacks@1.0.2
117 silly idealTree +-- node-base64@0.0.1
117 silly idealTree +-- node-gyp@3.6.2
117 silly idealTree +-- node-libs-browser@2.0.0
117 silly idealTree | `-- string_decoder@0.10.31
117 silly idealTree +-- node-pre-gyp@0.6.32
117 silly idealTree +-- node-sass@4.5.3
117 silly idealTree +-- nodemon@1.11.0
117 silly idealTree +-- nopt@3.0.6
117 silly idealTree +-- normalize-package-data@2.3.8
117 silly idealTree +-- normalize-path@2.1.1
117 silly idealTree +-- npmlog@4.1.0
117 silly idealTree +-- number-is-nan@1.0.1
117 silly idealTree +-- oauth-sign@0.8.2
117 silly idealTree +-- oauth@0.9.15
117 silly idealTree +-- object-assign@4.1.1
117 silly idealTree +-- object-component@0.0.3
117 silly idealTree +-- object.omit@2.0.1
117 silly idealTree | `-- for-own@0.1.5
117 silly idealTree +-- on-finished@2.3.0
117 silly idealTree +-- on-headers@1.0.1
117 silly idealTree +-- once@1.4.0
117 silly idealTree +-- optimist@0.6.1
117 silly idealTree +-- options@0.0.6
117 silly idealTree +-- os-browserify@0.2.1
117 silly idealTree +-- os-homedir@1.0.2
117 silly idealTree +-- os-locale@1.4.0
117 silly idealTree +-- os-tmpdir@1.0.2
117 silly idealTree +-- osenv@0.1.4
117 silly idealTree +-- package-json@1.2.0
117 silly idealTree +-- pako@0.2.9
117 silly idealTree +-- parse-asn1@5.1.0
117 silly idealTree +-- parse-glob@3.0.4
117 silly idealTree +-- parse-json@2.2.0
117 silly idealTree +-- parsejson@0.0.3
117 silly idealTree +-- parseqs@0.0.5
117 silly idealTree +-- parseuri@0.0.5
117 silly idealTree +-- parseurl@1.3.1
117 silly idealTree +-- passport-facebook@2.1.1
117 silly idealTree +-- passport-jwt@2.2.1
117 silly idealTree +-- passport-local-mongoose@4.0.0
117 silly idealTree +-- passport-local@1.0.0
117 silly idealTree +-- passport-oauth2@1.4.0
117 silly idealTree +-- passport-strategy@1.0.0
117 silly idealTree +-- passport@0.3.2
117 silly idealTree +-- path-browserify@0.0.0
117 silly idealTree +-- path-exists@2.1.0
117 silly idealTree +-- path-is-absolute@1.0.1
117 silly idealTree +-- path-to-regexp@0.1.7
117 silly idealTree +-- path-type@1.1.0
117 silly idealTree +-- pause-stream@0.0.11
117 silly idealTree +-- pause@0.0.1
117 silly idealTree +-- pbkdf2@3.0.12
117 silly idealTree +-- performance-now@0.2.0
117 silly idealTree +-- pify@2.3.0
117 silly idealTree +-- pinkie-promise@2.0.1
117 silly idealTree +-- pinkie@2.0.4
117 silly idealTree +-- prepend-http@1.0.4
117 silly idealTree +-- preserve@0.2.0
117 silly idealTree +-- process-nextick-args@1.0.7
117 silly idealTree +-- process@0.11.10
117 silly idealTree +-- proxy-addr@1.1.4
117 silly idealTree +-- prr@0.0.0
117 silly idealTree +-- ps-tree@1.1.0
117 silly idealTree +-- pseudomap@1.0.2
117 silly idealTree +-- public-encrypt@4.0.0
117 silly idealTree +-- punycode@1.4.1
117 silly idealTree +-- qjobs@1.1.5
117 silly idealTree +-- qs@6.4.0
117 silly idealTree +-- querystring-es3@0.2.1
117 silly idealTree +-- querystring@0.2.0
117 silly idealTree +-- random-bytes@1.0.0
117 silly idealTree +-- randomatic@1.1.7
117 silly idealTree | +-- is-number@3.0.0
117 silly idealTree | | `-- kind-of@3.2.2
117 silly idealTree | `-- kind-of@4.0.0
117 silly idealTree +-- randombytes@2.0.5
117 silly idealTree +-- range-parser@1.2.0
117 silly idealTree +-- raw-body@2.2.0
117 silly idealTree +-- rc@1.1.7
117 silly idealTree | `-- minimist@1.2.0
117 silly idealTree +-- read-all-stream@3.1.0
117 silly idealTree +-- read-pkg-up@1.0.1
117 silly idealTree +-- read-pkg@1.1.0
117 silly idealTree +-- readable-stream@2.3.2
117 silly idealTree +-- readdirp@2.1.0
117 silly idealTree +-- redent@1.0.0
117 silly idealTree +-- regex-cache@0.4.3
117 silly idealTree +-- regexp-clone@0.0.1
117 silly idealTree +-- registry-url@3.1.0
117 silly idealTree +-- remove-trailing-separator@1.0.2
117 silly idealTree +-- repeat-element@1.1.2
117 silly idealTree +-- repeat-string@1.6.1
117 silly idealTree +-- repeating@2.0.1
117 silly idealTree +-- request@2.81.0
117 silly idealTree +-- require_optional@1.0.1
117 silly idealTree +-- require-directory@2.1.1
117 silly idealTree +-- require-main-filename@1.0.1
117 silly idealTree +-- requires-port@1.0.0
117 silly idealTree +-- resolve-from@2.0.0
117 silly idealTree +-- right-align@0.1.3
117 silly idealTree +-- rimraf@2.5.4
117 silly idealTree +-- ripemd160@2.0.1
117 silly idealTree +-- safe-buffer@5.1.1
117 silly idealTree +-- sass-graph@2.2.4
117 silly idealTree +-- sass-loader@6.0.6
117 silly idealTree | +-- async@2.4.1
117 silly idealTree | `-- pify@3.0.0
117 silly idealTree +-- scmp@1.0.2
117 silly idealTree +-- scss-tokenizer@0.2.3
117 silly idealTree +-- semver-diff@2.1.0
117 silly idealTree +-- semver@5.3.0
117 silly idealTree +-- send@0.15.3
117 silly idealTree | +-- debug@2.6.7
117 silly idealTree | `-- ms@2.0.0
117 silly idealTree +-- serve-static@1.12.3
117 silly idealTree +-- set-blocking@2.0.0
117 silly idealTree +-- set-immediate-shim@1.0.1
117 silly idealTree +-- setimmediate@1.0.5
117 silly idealTree +-- setprototypeof@1.0.3
117 silly idealTree +-- sha.js@2.4.8
117 silly idealTree +-- shallow-clone@0.1.2
117 silly idealTree | `-- kind-of@2.0.1
117 silly idealTree +-- signal-exit@3.0.2
117 silly idealTree +-- sliced@1.0.1
117 silly idealTree +-- slide@1.1.6
117 silly idealTree +-- sntp@1.0.9
117 silly idealTree +-- socket.io-adapter@0.5.0
117 silly idealTree | +-- debug@2.3.3
117 silly idealTree | `-- ms@0.7.2
117 silly idealTree +-- socket.io-client@1.7.3
117 silly idealTree | +-- component-emitter@1.2.1
117 silly idealTree | +-- debug@2.3.3
117 silly idealTree | `-- ms@0.7.2
117 silly idealTree +-- socket.io-parser@2.3.1
117 silly idealTree | `-- isarray@0.0.1
117 silly idealTree +-- socket.io@1.7.3
117 silly idealTree | +-- debug@2.3.3
117 silly idealTree | +-- ms@0.7.2
117 silly idealTree | `-- object-assign@4.1.0
117 silly idealTree +-- source-list-map@1.1.2
117 silly idealTree +-- source-map@0.4.4
117 silly idealTree +-- spdx-correct@1.0.2
117 silly idealTree +-- spdx-expression-parse@1.0.4
117 silly idealTree +-- spdx-license-ids@1.2.2
117 silly idealTree +-- split@0.3.3
117 silly idealTree +-- sshpk@1.13.1
117 silly idealTree | `-- assert-plus@1.0.0
117 silly idealTree +-- statuses@1.3.1
117 silly idealTree +-- stdout-stream@1.4.0
117 silly idealTree +-- stream-browserify@2.0.1
117 silly idealTree +-- stream-combiner@0.0.4
117 silly idealTree +-- stream-http@2.7.2
117 silly idealTree +-- stream-shift@1.0.0
117 silly idealTree +-- string_decoder@1.0.2
117 silly idealTree | `-- safe-buffer@5.0.1
117 silly idealTree +-- string-length@1.0.1
117 silly idealTree +-- string-width@1.0.2
117 silly idealTree +-- stringstream@0.0.5
117 silly idealTree +-- strip-ansi@3.0.1
117 silly idealTree +-- strip-bom@2.0.0
117 silly idealTree +-- strip-indent@1.0.1
117 silly idealTree +-- strip-json-comments@2.0.1
117 silly idealTree +-- supports-color@2.0.0
117 silly idealTree +-- tapable@0.2.6
117 silly idealTree +-- tar-pack@3.3.0
117 silly idealTree | +-- once@1.3.3
117 silly idealTree | +-- readable-stream@2.1.5
117 silly idealTree | `-- string_decoder@0.10.31
117 silly idealTree +-- tar@2.2.1
117 silly idealTree +-- through@2.3.8
117 silly idealTree +-- timed-out@2.0.0
117 silly idealTree +-- timers-browserify@2.0.2
117 silly idealTree +-- tmp@0.0.31
117 silly idealTree +-- to-array@0.1.4
117 silly idealTree +-- to-arraybuffer@1.0.1
117 silly idealTree +-- topo@1.1.0
117 silly idealTree +-- touch@1.0.0
117 silly idealTree | `-- nopt@1.0.10
117 silly idealTree +-- tough-cookie@2.3.2
117 silly idealTree +-- trim-newlines@1.0.0
117 silly idealTree +-- tty-browserify@0.0.0
117 silly idealTree +-- tunnel-agent@0.6.0
117 silly idealTree +-- tweetnacl@0.14.5
117 silly idealTree +-- type-is@1.6.15
117 silly idealTree +-- uglify-js@2.8.29
117 silly idealTree | +-- camelcase@1.2.1
117 silly idealTree | +-- cliui@2.1.0
117 silly idealTree | +-- source-map@0.5.6
117 silly idealTree | `-- yargs@3.10.0
117 silly idealTree +-- uglify-to-browserify@1.0.2
117 silly idealTree +-- uid-number@0.0.6
117 silly idealTree +-- uid-safe@2.1.4
117 silly idealTree +-- uid2@0.0.3
117 silly idealTree +-- ultron@1.0.2
117 silly idealTree +-- undefsafe@0.0.3
117 silly idealTree +-- unpipe@1.0.0
117 silly idealTree +-- update-notifier@0.5.0
117 silly idealTree | `-- repeating@1.1.3
117 silly idealTree +-- url@0.11.0
117 silly idealTree | `-- punycode@1.3.2
117 silly idealTree +-- useragent@2.1.13
117 silly idealTree | `-- lru-cache@2.2.4
117 silly idealTree +-- util-deprecate@1.0.2
117 silly idealTree +-- util@0.10.3
117 silly idealTree | `-- inherits@2.0.1
117 silly idealTree +-- utils-merge@1.0.0
117 silly idealTree +-- uuid@3.1.0
117 silly idealTree +-- validate-npm-package-license@3.0.1
117 silly idealTree +-- validator@7.1.0
117 silly idealTree +-- vary@1.1.1
117 silly idealTree +-- verror@1.3.6
117 silly idealTree +-- vm-browserify@0.0.4
117 silly idealTree +-- void-elements@2.0.1
117 silly idealTree +-- watchpack@1.3.1
117 silly idealTree +-- webpack-sources@0.2.3
117 silly idealTree | `-- source-map@0.5.6
117 silly idealTree +-- webpack@2.6.1
117 silly idealTree | +-- camelcase@3.0.0
117 silly idealTree | +-- loader-utils@0.2.17
117 silly idealTree | +-- source-map@0.5.6
117 silly idealTree | +-- supports-color@3.2.3
117 silly idealTree | +-- yargs-parser@4.2.1
117 silly idealTree | `-- yargs@6.6.0
117 silly idealTree +-- which-module@1.0.0
117 silly idealTree +-- which@1.2.14
117 silly idealTree +-- wide-align@1.1.2
117 silly idealTree +-- window-size@0.1.0
117 silly idealTree +-- wordwrap@0.0.2
117 silly idealTree +-- wrap-ansi@2.1.0
117 silly idealTree +-- wrappy@1.0.2
117 silly idealTree +-- write-file-atomic@1.3.4
117 silly idealTree +-- ws@1.1.2
117 silly idealTree +-- wtf-8@1.0.0
117 silly idealTree +-- xdg-basedir@2.0.0
117 silly idealTree +-- xmlhttprequest-ssl@1.5.3
117 silly idealTree +-- xtend@4.0.1
117 silly idealTree +-- y18n@3.2.1
117 silly idealTree +-- yallist@2.1.2
117 silly idealTree +-- yargs-parser@5.0.0
117 silly idealTree | `-- camelcase@3.0.0
117 silly idealTree +-- yargs@7.1.0
117 silly idealTree | `-- camelcase@3.0.0
117 silly idealTree `-- yeast@0.1.2
118 silly generateActionsToTake Starting
119 silly install generateActionsToTake
120 silly generateActionsToTake Finishing
121 silly diffTrees action count 2
122 silly diffTrees add node-base64@0.0.1
123 silly diffTrees add jwt@0.2.0
124 silly decomposeActions action count 16
125 silly decomposeActions fetch node-base64@0.0.1
126 silly decomposeActions extract node-base64@0.0.1
127 silly decomposeActions test node-base64@0.0.1
128 silly decomposeActions preinstall node-base64@0.0.1
129 silly decomposeActions build node-base64@0.0.1
130 silly decomposeActions install node-base64@0.0.1
131 silly decomposeActions postinstall node-base64@0.0.1
132 silly decomposeActions finalize node-base64@0.0.1
133 silly decomposeActions fetch jwt@0.2.0
134 silly decomposeActions extract jwt@0.2.0
135 silly decomposeActions test jwt@0.2.0
136 silly decomposeActions preinstall jwt@0.2.0
137 silly decomposeActions build jwt@0.2.0
138 silly decomposeActions install jwt@0.2.0
139 silly decomposeActions postinstall jwt@0.2.0
140 silly decomposeActions finalize jwt@0.2.0
141 silly runTopLevelLifecycles Starting
142 silly executeActions Starting
143 silly install executeActions
144 silly doSerial global-install 0
145 silly doParallel fetch 2
146 verbose correctMkdir C:\Users\gabar\AppData\Roaming\npm-cache\_locks correctMkdir not in flight; initializing
147 verbose lock using C:\Users\gabar\AppData\Roaming\npm-cache\_locks\staging-217ea5afa91d50b8.lock for C:\Users\gabar\desktop\recipeApp\node_modules\.staging
148 silly doParallel extract 2
149 silly extract node-base64@0.0.1
150 silly extract jwt@0.2.0
151 verbose unbuild node_modules\.staging\node-base64-8ee22086
152 verbose unbuild node_modules\.staging\jwt-40c8db4e
153 silly gentlyRm C:\Users\gabar\desktop\recipeApp\node_modules\.staging\node-base64-8ee22086 is being purged from base C:\Users\gabar\desktop\recipeApp
154 verbose gentlyRm don't care about contents; nuking C:\Users\gabar\desktop\recipeApp\node_modules\.staging\node-base64-8ee22086
155 silly gentlyRm C:\Users\gabar\desktop\recipeApp\node_modules\.staging\jwt-40c8db4e is being purged from base C:\Users\gabar\desktop\recipeApp
156 verbose gentlyRm don't care about contents; nuking C:\Users\gabar\desktop\recipeApp\node_modules\.staging\jwt-40c8db4e
157 verbose tar unpack C:\Users\gabar\AppData\Roaming\npm-cache\node-base64\0.0.1\package.tgz
158 verbose tar unpacking to C:\Users\gabar\desktop\recipeApp\node_modules\.staging\node-base64-8ee22086
159 silly gentlyRm C:\Users\gabar\desktop\recipeApp\node_modules\.staging\node-base64-8ee22086 is being purged
160 verbose gentlyRm don't care about contents; nuking C:\Users\gabar\desktop\recipeApp\node_modules\.staging\node-base64-8ee22086
161 verbose tar unpack C:\Users\gabar\AppData\Roaming\npm-cache\jwt\0.2.0\package.tgz
162 verbose tar unpacking to C:\Users\gabar\desktop\recipeApp\node_modules\.staging\jwt-40c8db4e
163 silly gentlyRm C:\Users\gabar\desktop\recipeApp\node_modules\.staging\jwt-40c8db4e is being purged
164 verbose gentlyRm don't care about contents; nuking C:\Users\gabar\desktop\recipeApp\node_modules\.staging\jwt-40c8db4e
165 silly gunzTarPerm modes [ '777', '666' ]
166 silly gunzTarPerm modes [ '777', '666' ]
167 silly gunzTarPerm extractEntry .npmignore
168 silly gunzTarPerm modified mode [ '.npmignore', 420, 438 ]
169 silly gunzTarPerm extractEntry
170 silly gunzTarPerm modified mode [ '', 493, 511 ]
171 silly gunzTarPerm extractEntry .gitignore
172 silly gunzTarPerm modified mode [ '.gitignore', 420, 438 ]
173 silly gunzTarPerm extractEntry base64.cc
174 silly gunzTarPerm modified mode [ 'base64.cc', 420, 438 ]
175 silly gunzTarPerm extractEntry install.sh
176 silly gunzTarPerm modified mode [ 'install.sh', 493, 511 ]
177 silly gunzTarPerm extractEntry lib/
178 silly gunzTarPerm modified mode [ 'lib/', 493, 511 ]
179 silly gunzTarPerm extractEntry lib/jwt.js
180 silly gunzTarPerm modified mode [ 'lib/jwt.js', 420, 438 ]
181 silly gunzTarPerm extractEntry js_base64_for_comparsion.js
182 silly gunzTarPerm modified mode [ 'js_base64_for_comparsion.js', 420, 438 ]
183 silly gunzTarPerm extractEntry makefile
184 silly gunzTarPerm modified mode [ 'makefile', 420, 438 ]
185 silly gunzTarPerm extractEntry package.json
186 silly gunzTarPerm modified mode [ 'package.json', 420, 438 ]
187 silly gunzTarPerm extractEntry README.md
188 silly gunzTarPerm modified mode [ 'README.md', 420, 438 ]
189 silly gunzTarPerm extractEntry package.json
190 silly gunzTarPerm modified mode [ 'package.json', 420, 438 ]
191 silly gunzTarPerm extractEntry README.md
192 silly gunzTarPerm modified mode [ 'README.md', 420, 438 ]
193 silly gunzTarPerm extractEntry test.js
194 silly gunzTarPerm modified mode [ 'test.js', 420, 438 ]
195 silly gunzTarPerm extractEntry test.php
196 silly gunzTarPerm modified mode [ 'test.php', 420, 438 ]
197 silly gunzTarPerm extractEntry wscript
198 silly gunzTarPerm modified mode [ 'wscript', 493, 511 ]
199 silly gentlyRm C:\Users\gabar\desktop\recipeApp\node_modules\.staging\jwt-40c8db4e\node_modules is being purged
200 verbose gentlyRm don't care about contents; nuking C:\Users\gabar\desktop\recipeApp\node_modules\.staging\jwt-40c8db4e\node_modules
201 silly gentlyRm C:\Users\gabar\desktop\recipeApp\node_modules\.staging\node-base64-8ee22086\node_modules is being purged
202 verbose gentlyRm don't care about contents; nuking C:\Users\gabar\desktop\recipeApp\node_modules\.staging\node-base64-8ee22086\node_modules
203 silly doParallel preinstall 2
204 silly preinstall node-base64@0.0.1 C:\Users\gabar\desktop\recipeApp\node_modules\.staging\node-base64-8ee22086
205 info lifecycle node-base64@0.0.1~preinstall: node-base64@0.0.1
206 silly preinstall jwt@0.2.0 C:\Users\gabar\desktop\recipeApp\node_modules\.staging\jwt-40c8db4e
207 info lifecycle jwt@0.2.0~preinstall: jwt@0.2.0
208 silly lifecycle node-base64@0.0.1~preinstall: no script for preinstall, continuing
209 silly lifecycle jwt@0.2.0~preinstall: no script for preinstall, continuing
210 silly doReverseSerial remove 0
211 silly doSerial move 0
212 silly doSerial finalize 2
213 silly finalize C:\Users\gabar\desktop\recipeApp\node_modules\node-base64
214 silly finalize C:\Users\gabar\desktop\recipeApp\node_modules\jwt
215 silly doSerial build 2
216 silly build node-base64@0.0.1
217 info linkStuff node-base64@0.0.1
218 silly linkStuff node-base64@0.0.1 has C:\Users\gabar\desktop\recipeApp\node_modules as its parent node_modules
219 verbose linkBins node-base64@0.0.1
220 verbose linkMans node-base64@0.0.1
221 silly build jwt@0.2.0
222 info linkStuff jwt@0.2.0
223 silly linkStuff jwt@0.2.0 has C:\Users\gabar\desktop\recipeApp\node_modules as its parent node_modules
224 verbose linkBins jwt@0.2.0
225 verbose linkMans jwt@0.2.0
226 silly doSerial global-link 0
227 silly doParallel update-linked 0
228 silly doSerial install 2
229 silly install node-base64@0.0.1 C:\Users\gabar\desktop\recipeApp\node_modules\.staging\node-base64-8ee22086
230 info lifecycle node-base64@0.0.1~install: node-base64@0.0.1
231 verbose lifecycle node-base64@0.0.1~install: unsafe-perm in lifecycle true
232 verbose lifecycle node-base64@0.0.1~install: PATH: C:\Program Files\nodejs\node_modules\npm\bin\node-gyp-bin;C:\Users\gabar\desktop\recipeApp\node_modules\node-base64\node_modules\.bin;C:\Users\gabar\desktop\recipeApp\node_modules\.bin;C:\Users\gabar\bin;C:\Program Files\Git\mingw64\bin;C:\Program Files\Git\usr\local\bin;C:\Program Files\Git\usr\bin;C:\Program Files\Git\usr\bin;C:\Program Files\Git\mingw64\bin;C:\Program Files\Git\usr\bin;C:\Users\gabar\bin;C:\Program Files (x86)\Intel\iCLS Client;C:\Program Files\Intel\iCLS Client;C:\Windows\system32;C:\Windows;C:\Windows\System32\Wbem;C:\Windows\System32\WindowsPowerShell\v1.0;C:\Program Files (x86)\Intel\Intel(R) Management Engine Components\DAL;C:\Program Files\Intel\Intel(R) Management Engine Components\DAL;C:\Program Files (x86)\Intel\Intel(R) Management Engine Components\IPT;C:\Program Files\Intel\Intel(R) Management Engine Components\IPT;C:\Program Files (x86)\NVIDIA Corporation\PhysX\Common;C:\WINDOWS\system32;C:\WINDOWS;C:\WINDOWS\System32\Wbem;C:\WINDOWS\System32\WindowsPowerShell\v1.0;C:\Program Files\nodejs;C:\Program Files\Intel\WiFi\bin;C:\Program Files\Common Files\Intel\WirelessCommon;C:\Users\gabar\AppData\Local\Microsoft\WindowsApps;C:\Users\gabar\AppData\Roaming\Dashlane\4.6.7.25343\bin\Firefox_Extension\{442718d9-475e-452a-b3e1-fb1ee16b8e9f}\components;C:\Users\gabar\AppData\Roaming\npm;C:\Users\gabar\AppData\Local\atom\bin;C:\Program Files\MongoDB\Server\3.4\bin;%USERPROFILE%\AppData\Local\Microsoft\WindowsApps;C:\Program Files\Git\usr\bin\vendor_perl;C:\Program Files\Git\usr\bin\core_perl
233 verbose lifecycle node-base64@0.0.1~install: CWD: C:\Users\gabar\desktop\recipeApp\node_modules\node-base64
234 silly lifecycle node-base64@0.0.1~install: Args: [ '/d /s /c', './install.sh' ]
235 silly lifecycle node-base64@0.0.1~install: Returned: code: 1  signal: null
236 info lifecycle node-base64@0.0.1~install: Failed to exec install script
237 verbose unlock done using C:\Users\gabar\AppData\Roaming\npm-cache\_locks\staging-217ea5afa91d50b8.lock for C:\Users\gabar\desktop\recipeApp\node_modules\.staging
238 silly rollbackFailedOptional Starting
239 silly rollbackFailedOptional Finishing
240 silly runTopLevelLifecycles Finishing
241 silly install printInstalled
242 warn optional SKIPPING OPTIONAL DEPENDENCY: fsevents@^1.0.0 (node_modules\chokidar\node_modules\fsevents):
243 warn notsup SKIPPING OPTIONAL DEPENDENCY: Unsupported platform for fsevents@1.1.2: wanted {"os":"darwin","arch":"any"} (current: {"os":"win32","arch":"x64"})
244 verbose notsup SKIPPING OPTIONAL DEPENDENCY: Valid OS:    darwin
244 verbose notsup SKIPPING OPTIONAL DEPENDENCY: Valid Arch:  any
244 verbose notsup SKIPPING OPTIONAL DEPENDENCY: Actual OS:   win32
244 verbose notsup SKIPPING OPTIONAL DEPENDENCY: Actual Arch: x64
245 warn cheap-eat@1.0.0 No description
246 verbose If you need help, you may report this error at:
246 verbose     <https://github.com/npm/npm/issues>
247 warn cheap-eat@1.0.0 No repository field.
248 verbose If you need help, you may report this error at:
248 verbose     <https://github.com/npm/npm/issues>
249 verbose stack Error: node-base64@0.0.1 install: `./install.sh`
249 verbose stack Exit status 1
249 verbose stack     at EventEmitter.<anonymous> (C:\Program Files\nodejs\node_modules\npm\lib\utils\lifecycle.js:255:16)
249 verbose stack     at emitTwo (events.js:106:13)
249 verbose stack     at EventEmitter.emit (events.js:191:7)
249 verbose stack     at ChildProcess.<anonymous> (C:\Program Files\nodejs\node_modules\npm\lib\utils\spawn.js:40:14)
249 verbose stack     at emitTwo (events.js:106:13)
249 verbose stack     at ChildProcess.emit (events.js:191:7)
249 verbose stack     at maybeClose (internal/child_process.js:877:16)
249 verbose stack     at Process.ChildProcess._handle.onexit (internal/child_process.js:226:5)
250 verbose pkgid node-base64@0.0.1
251 verbose cwd C:\Users\gabar\desktop\recipeApp
252 error Windows_NT 10.0.15063
253 error argv "C:\\Program Files\\nodejs\\node.exe" "C:\\Program Files\\nodejs\\node_modules\\npm\\bin\\npm-cli.js" "install" "jwt"
254 error node v6.10.0
255 error npm  v3.10.10
256 error code ELIFECYCLE
257 error node-base64@0.0.1 install: `./install.sh`
257 error Exit status 1
258 error Failed at the node-base64@0.0.1 install script './install.sh'.
258 error Make sure you have the latest version of node.js and npm installed.
258 error If you do, this is most likely a problem with the node-base64 package,
258 error not with npm itself.
258 error Tell the author that this fails on your system:
258 error     ./install.sh
258 error You can get information on how to open an issue for this project with:
258 error     npm bugs node-base64
258 error Or if that isn't available, you can get their info via:
258 error     npm owner ls node-base64
258 error There is likely additional logging output above.
259 verbose exit [ 1, true ]
